<?xml version="1.0" encoding="UTF-8"?>
<testsuite xmlns:xsi="http://www.w3.org/2001/XMLSchema-instance" xsi:noNamespaceSchemaLocation="https://maven.apache.org/surefire/maven-surefire-plugin/xsd/surefire-test-report-3.0.xsd" version="3.0" name="vn.io.ductandev.course.CourseApplicationTests" time="8.453" tests="1" errors="0" skipped="0" failures="0">
  <properties>
[...]
</properties>
  <testcase name="contextLoads" classname="vn.io.ductandev.course.CourseApplicationTests" time="0.503">
    <system-out><![CDATA[09:02:22.901 [main] INFO org.springframework.test.context.support.AnnotationConfigContextLoaderUtils -- Could not detect default configuration classes for test class [vn.io.ductandev.course.CourseApplicationTests]: CourseApplicationTests does not declare any static, non-private, non-final, nested classes annotated with @Configuration.
09:02:23.035 [main] INFO org.springframework.boot.test.context.SpringBootTestContextBootstrapper -- Found @SpringBootConfiguration vn.io.ductandev.course.CourseApplication for test class vn.io.ductandev.course.CourseApplicationTests
09:02:23.264 [main] INFO org.springframework.boot.devtools.restart.RestartApplicationListener -- Restart disabled due to context in which it is running

  .   ____          _            __ _ _
 /\\ / ___'_ __ _ _(_)_ __  __ _ \ \ \ \
( ( )\___ | '_ | '_| | '_ \/ _` | \ \ \ \
 \\/  ___)| |_)| | | | | || (_| |  ) ) ) )
  '  |____| .__|_| |_|_| |_\__, | / / / /
 =========|_|==============|___/=/_/_/_/

 :: Spring Boot ::                (v3.3.2)

2024-08-23T09:02:23.786+07:00  INFO 11408 --- [course] [           main] v.i.d.course.CourseApplicationTests      : Starting CourseApplicationTests using Java 22.0.1 with PID 11408 (started by tan in C:\Users\tan\Desktop\Java\9_course_asm)
2024-08-23T09:02:23.788+07:00  INFO 11408 --- [course] [           main] v.i.d.course.CourseApplicationTests      : No active profile set, falling back to 1 default profile: "default"
2024-08-23T09:02:24.975+07:00  INFO 11408 --- [course] [           main] .s.d.r.c.RepositoryConfigurationDelegate : Bootstrapping Spring Data JPA repositories in DEFAULT mode.
2024-08-23T09:02:25.088+07:00  INFO 11408 --- [course] [           main] .s.d.r.c.RepositoryConfigurationDelegate : Finished Spring Data repository scanning in 100 ms. Found 6 JPA repository interfaces.
2024-08-23T09:02:25.891+07:00  INFO 11408 --- [course] [           main] o.hibernate.jpa.internal.util.LogHelper  : HHH000204: Processing PersistenceUnitInfo [name: default]
2024-08-23T09:02:26.010+07:00  INFO 11408 --- [course] [           main] org.hibernate.Version                    : HHH000412: Hibernate ORM core version 6.5.2.Final
2024-08-23T09:02:26.058+07:00  INFO 11408 --- [course] [           main] o.h.c.internal.RegionFactoryInitiator    : HHH000026: Second-level cache disabled
2024-08-23T09:02:26.476+07:00  INFO 11408 --- [course] [           main] o.s.o.j.p.SpringPersistenceUnitInfo      : No LoadTimeWeaver setup: ignoring JPA class transformer
2024-08-23T09:02:26.512+07:00  INFO 11408 --- [course] [           main] com.zaxxer.hikari.HikariDataSource       : HikariPool-1 - Starting...
2024-08-23T09:02:27.062+07:00  INFO 11408 --- [course] [           main] com.zaxxer.hikari.pool.HikariPool        : HikariPool-1 - Added connection oracle.jdbc.driver.T4CConnection@595ec862
2024-08-23T09:02:27.064+07:00  INFO 11408 --- [course] [           main] com.zaxxer.hikari.HikariDataSource       : HikariPool-1 - Start completed.
2024-08-23T09:02:27.241+07:00  WARN 11408 --- [course] [           main] org.hibernate.orm.deprecation            : HHH90000025: OracleDialect does not need to be specified explicitly using 'hibernate.dialect' (remove the property setting and it will be selected by default)
2024-08-23T09:02:28.488+07:00  INFO 11408 --- [course] [           main] o.h.e.t.j.p.i.JtaPlatformInitiator       : HHH000489: No JTA platform available (set 'hibernate.transaction.jta.platform' to enable JTA platform integration)
2024-08-23T09:02:28.491+07:00  INFO 11408 --- [course] [           main] j.LocalContainerEntityManagerFactoryBean : Initialized JPA EntityManagerFactory for persistence unit 'default'
2024-08-23T09:02:28.926+07:00  INFO 11408 --- [course] [           main] o.s.d.j.r.query.QueryEnhancerFactory     : Hibernate is in classpath; If applicable, HQL parser will be used.
2024-08-23T09:02:29.729+07:00  WARN 11408 --- [course] [           main] JpaBaseConfiguration$JpaWebConfiguration : spring.jpa.open-in-view is enabled by default. Therefore, database queries may be performed during view rendering. Explicitly configure spring.jpa.open-in-view to disable this warning
2024-08-23T09:02:29.751+07:00  WARN 11408 --- [course] [           main] .s.s.UserDetailsServiceAutoConfiguration : 

Using generated security password: 788f781d-7521-4760-ac49-0cabde8f20ef

This generated password is for development use only. Your security configuration must be updated before running your application in production.

2024-08-23T09:02:29.764+07:00  INFO 11408 --- [course] [           main] r$InitializeUserDetailsManagerConfigurer : Global AuthenticationManager configured with UserDetailsService bean with name inMemoryUserDetailsManager
2024-08-23T09:02:30.593+07:00  INFO 11408 --- [course] [           main] v.i.d.course.CourseApplicationTests      : Started CourseApplicationTests in 7.348 seconds (process running for 8.621)
]]></system-out>
    <system-err><![CDATA[WARNING: A Java agent has been loaded dynamically (C:\Users\tan\.m2\repository\net\bytebuddy\byte-buddy-agent\1.14.18\byte-buddy-agent-1.14.18.jar)
WARNING: If a serviceability tool is in use, please run with -XX:+EnableDynamicAgentLoading to hide this warning
WARNING: If a serviceability tool is not in use, please run with -Djdk.instrument.traceUsage for more information
WARNING: Dynamic loading of agents will be disallowed by default in a future release
]]></system-err>
  </testcase>
</testsuite>